<?xml version="1.0" encoding="UTF-8"?><testsuite errors="4" failures="0" name="Passengers only" skipped="0" tests="4" time="16.95" timestamp="2022-09-12 10:47:52"><testcase name="enter to volotea.com page and check the maximun babys for passenger"><error message="element click intercepted: Element &lt;input type=&quot;text&quot; id=&quot;input-text_sf-origin&quot; readonly=&quot;&quot; class=&quot;v7-sf__input&quot; placeholder=&quot;You are travelling from:&quot;&gt; is not clickable at point (381, 279). Other element would receive the click: &lt;div class=&quot;onetrust-pc-dark-filter ot-fade-in&quot; style=&quot;z-index:2147483645;&quot;&gt;&lt;/div&gt;&#10;  (Session info: chrome=105.0.5195.102)&#10;Build info: version: '3.14.0', revision: 'aacccce0', time: '2018-08-02T20:19:58.91Z'&#10;System info: host: 'LAPTOP-2LVTQEHB', ip: '192.168.101.7', os.name: 'Windows 10', os.arch: 'amd64', os.version: '10.0', java.version: '1.8.0_342'&#10;Driver info: org.openqa.selenium.remote.RemoteWebDriver&#10;Capabilities {acceptInsecureCerts: false, browserName: chrome, browserVersion: 105.0.5195.102, chrome: {chromedriverVersion: 105.0.5195.52 (412c95e51883..., userDataDir: C:\Users\j_ctg\AppData\Loca...}, goog:chromeOptions: {debuggerAddress: localhost:64929}, javascriptEnabled: true, networkConnectionEnabled: false, pageLoadStrategy: normal, platform: WINDOWS, platformName: WINDOWS, proxy: Proxy(), setWindowRect: true, strictFileInteractability: false, timeouts: {implicit: 0, pageLoad: 300000, script: 30000}, unhandledPromptBehavior: dismiss and notify, webauthn:extension:credBlob: true, webauthn:extension:largeBlob: true, webauthn:virtualAuthenticators: true}&#10;Session ID: d63b71e9d16847b9b5b8fcdbf50de852&#10;Build info: version: '3.14.0', revision: 'aacccce0', time: '2018-08-02T20:19:58.91Z'&#10;System info: host: 'LAPTOP-2LVTQEHB', ip: '192.168.101.7', os.name: 'Windows 10', os.arch: 'amd64', os.version: '10.0', java.version: '1.8.0_342'&#10;Driver info: driver.version: unknown" type="org.openqa.selenium.ElementClickInterceptedException">element click intercepted: Element &lt;input type="text" id="input-text_sf-origin" readonly="" class="v7-sf__input" placeholder="You are travelling from:"&gt; is not clickable at point (381, 279). Other element would receive the click: &lt;div class="onetrust-pc-dark-filter ot-fade-in" style="z-index:2147483645;"&gt;&lt;/div&gt;
  (Session info: chrome=105.0.5195.102)
Build info: version: '3.14.0', revision: 'aacccce0', time: '2018-08-02T20:19:58.91Z'
System info: host: 'LAPTOP-2LVTQEHB', ip: '192.168.101.7', os.name: 'Windows 10', os.arch: 'amd64', os.version: '10.0', java.version: '1.8.0_342'
Driver info: org.openqa.selenium.remote.RemoteWebDriver
Capabilities {acceptInsecureCerts: false, browserName: chrome, browserVersion: 105.0.5195.102, chrome: {chromedriverVersion: 105.0.5195.52 (412c95e51883..., userDataDir: C:\Users\j_ctg\AppData\Loca...}, goog:chromeOptions: {debuggerAddress: localhost:64929}, javascriptEnabled: true, networkConnectionEnabled: false, pageLoadStrategy: normal, platform: WINDOWS, platformName: WINDOWS, proxy: Proxy(), setWindowRect: true, strictFileInteractability: false, timeouts: {implicit: 0, pageLoad: 300000, script: 30000}, unhandledPromptBehavior: dismiss and notify, webauthn:extension:credBlob: true, webauthn:extension:largeBlob: true, webauthn:virtualAuthenticators: true}
Session ID: d63b71e9d16847b9b5b8fcdbf50de852
Build info: version: '3.14.0', revision: 'aacccce0', time: '2018-08-02T20:19:58.91Z'
System info: host: 'LAPTOP-2LVTQEHB', ip: '192.168.101.7', os.name: 'Windows 10', os.arch: 'amd64', os.version: '10.0', java.version: '1.8.0_342'
Driver info: driver.version: unknown</error><system-err>element click intercepted: Element &lt;input type="text" id="input-text_sf-origin" readonly="" class="v7-sf__input" placeholder="You are travelling from:"&gt; is not clickable at point (381, 279). Other element would receive the click: &lt;div class="onetrust-pc-dark-filter ot-fade-in" style="z-index:2147483645;"&gt;&lt;/div&gt;
  (Session info: chrome=105.0.5195.102)
Build info: version: '3.14.0', revision: 'aacccce0', time: '2018-08-02T20:19:58.91Z'
System info: host: 'LAPTOP-2LVTQEHB', ip: '192.168.101.7', os.name: 'Windows 10', os.arch: 'amd64', os.version: '10.0', java.version: '1.8.0_342'
Driver info: org.openqa.selenium.remote.RemoteWebDriver
Capabilities {acceptInsecureCerts: false, browserName: chrome, browserVersion: 105.0.5195.102, chrome: {chromedriverVersion: 105.0.5195.52 (412c95e51883..., userDataDir: C:\Users\j_ctg\AppData\Loca...}, goog:chromeOptions: {debuggerAddress: localhost:64929}, javascriptEnabled: true, networkConnectionEnabled: false, pageLoadStrategy: normal, platform: WINDOWS, platformName: WINDOWS, proxy: Proxy(), setWindowRect: true, strictFileInteractability: false, timeouts: {implicit: 0, pageLoad: 300000, script: 30000}, unhandledPromptBehavior: dismiss and notify, webauthn:extension:credBlob: true, webauthn:extension:largeBlob: true, webauthn:virtualAuthenticators: true}
Session ID: d63b71e9d16847b9b5b8fcdbf50de852
Build info: version: '3.14.0', revision: 'aacccce0', time: '2018-08-02T20:19:58.91Z'
System info: host: 'LAPTOP-2LVTQEHB', ip: '192.168.101.7', os.name: 'Windows 10', os.arch: 'amd64', os.version: '10.0', java.version: '1.8.0_342'
Driver info: driver.version: unknown&#13;
com.volotea.qa.StepDefinitions.Passenger.theUserSelectNumberOfPassengers(Passenger.java:37)&#13;
✽.the user select number of passengers  1 1(src/test/resources/features/Passenger.feature:10)&#13;
</system-err></testcase></testsuite>