<?xml version="1.0" encoding="UTF-8"?><testsuite errors="0" failures="1" name="Passengers only" skipped="0" tests="1" time="49.3" timestamp="2022-09-12 04:16:40"><testcase name="select new flight"><failure message="Expected enabled element was not enabled&#10;Build info: version: '3.14.0', revision: 'aacccce0', time: '2018-08-02T20:19:58.91Z'&#10;System info: host: 'LAPTOP-2LVTQEHB', ip: '192.168.101.7', os.name: 'Windows 10', os.arch: 'amd64', os.version: '10.0', java.version: '1.8.0_342'&#10;Driver info: driver.version: unknown" type="net.thucydides.core.webdriver.exceptions.ElementShouldBeEnabledException">Expected enabled element was not enabled
Build info: version: '3.14.0', revision: 'aacccce0', time: '2018-08-02T20:19:58.91Z'
System info: host: 'LAPTOP-2LVTQEHB', ip: '192.168.101.7', os.name: 'Windows 10', os.arch: 'amd64', os.version: '10.0', java.version: '1.8.0_342'
Driver info: driver.version: unknown</failure><system-err>Expected enabled element was not enabled
Build info: version: '3.14.0', revision: 'aacccce0', time: '2018-08-02T20:19:58.91Z'
System info: host: 'LAPTOP-2LVTQEHB', ip: '192.168.101.7', os.name: 'Windows 10', os.arch: 'amd64', os.version: '10.0', java.version: '1.8.0_342'
Driver info: driver.version: unknown&#13;
com.volotea.qa.StepDefinitions.SelectNewFlightDefinitions.findANewOrigin(SelectNewFlightDefinitions.java:40)&#13;
✽.find a new origin Madrid, Barcelona(src/test/resources/features/SelectNewFlight.feature:11)&#13;
</system-err></testcase></testsuite>